ERROR - 2024-11-04 04:56:11 --> Error connecting to the database: Access denied for user '****'@'localhost' (using password: YES)
CRITICAL - 2024-11-04 04:56:11 --> Unable to connect to the database.
Main connection [MySQLi]: Access denied for user '****'@'localhost' (using password: YES)
#0 C:\xampp0\htdocs\cafe-PUM\system\Database\BaseConnection.php(577): CodeIgniter\Database\BaseConnection->initialize()
#1 C:\xampp0\htdocs\cafe-PUM\system\Database\BaseBuilder.php(1443): CodeIgniter\Database\BaseConnection->query('SELECT *\nFROM `...', Array, false)
#2 C:\xampp0\htdocs\cafe-PUM\system\Model.php(210): CodeIgniter\Database\BaseBuilder->get()
#3 C:\xampp0\htdocs\cafe-PUM\system\BaseModel.php(622): CodeIgniter\Model->doFirst()
#4 C:\xampp0\htdocs\cafe-PUM\app\Controllers\Dashboard.php(130): CodeIgniter\BaseModel->first()
#5 C:\xampp0\htdocs\cafe-PUM\system\CodeIgniter.php(824): App\Controllers\Dashboard->auth()
#6 C:\xampp0\htdocs\cafe-PUM\system\CodeIgniter.php(410): CodeIgniter\CodeIgniter->runController(Object(App\Controllers\Dashboard))
#7 C:\xampp0\htdocs\cafe-PUM\system\CodeIgniter.php(318): CodeIgniter\CodeIgniter->handleRequest(NULL, Object(Config\Cache), false)
#8 C:\xampp0\htdocs\cafe-PUM\index.php(37): CodeIgniter\CodeIgniter->run()
#9 {main}
ERROR - 2024-11-04 04:56:12 --> Error connecting to the database: Access denied for user '****'@'localhost' (using password: YES)
CRITICAL - 2024-11-04 04:56:12 --> Unable to connect to the database.
Main connection [MySQLi]: Access denied for user '****'@'localhost' (using password: YES)
#0 C:\xampp0\htdocs\cafe-PUM\system\Database\BaseConnection.php(577): CodeIgniter\Database\BaseConnection->initialize()
#1 C:\xampp0\htdocs\cafe-PUM\system\Database\BaseBuilder.php(1443): CodeIgniter\Database\BaseConnection->query('SELECT *\nFROM `...', Array, false)
#2 C:\xampp0\htdocs\cafe-PUM\system\Model.php(210): CodeIgniter\Database\BaseBuilder->get()
#3 C:\xampp0\htdocs\cafe-PUM\system\BaseModel.php(622): CodeIgniter\Model->doFirst()
#4 C:\xampp0\htdocs\cafe-PUM\app\Controllers\Dashboard.php(130): CodeIgniter\BaseModel->first()
#5 C:\xampp0\htdocs\cafe-PUM\system\CodeIgniter.php(824): App\Controllers\Dashboard->auth()
#6 C:\xampp0\htdocs\cafe-PUM\system\CodeIgniter.php(410): CodeIgniter\CodeIgniter->runController(Object(App\Controllers\Dashboard))
#7 C:\xampp0\htdocs\cafe-PUM\system\CodeIgniter.php(318): CodeIgniter\CodeIgniter->handleRequest(NULL, Object(Config\Cache), false)
#8 C:\xampp0\htdocs\cafe-PUM\index.php(37): CodeIgniter\CodeIgniter->run()
#9 {main}
ERROR - 2024-11-04 04:56:12 --> Error connecting to the database: Access denied for user '****'@'localhost' (using password: YES)
CRITICAL - 2024-11-04 04:56:12 --> Unable to connect to the database.
Main connection [MySQLi]: Access denied for user '****'@'localhost' (using password: YES)
#0 C:\xampp0\htdocs\cafe-PUM\system\Database\BaseConnection.php(577): CodeIgniter\Database\BaseConnection->initialize()
#1 C:\xampp0\htdocs\cafe-PUM\system\Database\BaseBuilder.php(1443): CodeIgniter\Database\BaseConnection->query('SELECT *\nFROM `...', Array, false)
#2 C:\xampp0\htdocs\cafe-PUM\system\Model.php(210): CodeIgniter\Database\BaseBuilder->get()
#3 C:\xampp0\htdocs\cafe-PUM\system\BaseModel.php(622): CodeIgniter\Model->doFirst()
#4 C:\xampp0\htdocs\cafe-PUM\app\Controllers\Dashboard.php(130): CodeIgniter\BaseModel->first()
#5 C:\xampp0\htdocs\cafe-PUM\system\CodeIgniter.php(824): App\Controllers\Dashboard->auth()
#6 C:\xampp0\htdocs\cafe-PUM\system\CodeIgniter.php(410): CodeIgniter\CodeIgniter->runController(Object(App\Controllers\Dashboard))
#7 C:\xampp0\htdocs\cafe-PUM\system\CodeIgniter.php(318): CodeIgniter\CodeIgniter->handleRequest(NULL, Object(Config\Cache), false)
#8 C:\xampp0\htdocs\cafe-PUM\index.php(37): CodeIgniter\CodeIgniter->run()
#9 {main}
ERROR - 2024-11-04 04:56:12 --> Error connecting to the database: Access denied for user '****'@'localhost' (using password: YES)
CRITICAL - 2024-11-04 04:56:12 --> Unable to connect to the database.
Main connection [MySQLi]: Access denied for user '****'@'localhost' (using password: YES)
#0 C:\xampp0\htdocs\cafe-PUM\system\Database\BaseConnection.php(577): CodeIgniter\Database\BaseConnection->initialize()
#1 C:\xampp0\htdocs\cafe-PUM\system\Database\BaseBuilder.php(1443): CodeIgniter\Database\BaseConnection->query('SELECT *\nFROM `...', Array, false)
#2 C:\xampp0\htdocs\cafe-PUM\system\Model.php(210): CodeIgniter\Database\BaseBuilder->get()
#3 C:\xampp0\htdocs\cafe-PUM\system\BaseModel.php(622): CodeIgniter\Model->doFirst()
#4 C:\xampp0\htdocs\cafe-PUM\app\Controllers\Dashboard.php(130): CodeIgniter\BaseModel->first()
#5 C:\xampp0\htdocs\cafe-PUM\system\CodeIgniter.php(824): App\Controllers\Dashboard->auth()
#6 C:\xampp0\htdocs\cafe-PUM\system\CodeIgniter.php(410): CodeIgniter\CodeIgniter->runController(Object(App\Controllers\Dashboard))
#7 C:\xampp0\htdocs\cafe-PUM\system\CodeIgniter.php(318): CodeIgniter\CodeIgniter->handleRequest(NULL, Object(Config\Cache), false)
#8 C:\xampp0\htdocs\cafe-PUM\index.php(37): CodeIgniter\CodeIgniter->run()
#9 {main}
ERROR - 2024-11-04 04:56:16 --> Error connecting to the database: Access denied for user '****'@'localhost' (using password: YES)
CRITICAL - 2024-11-04 04:56:16 --> Unable to connect to the database.
Main connection [MySQLi]: Access denied for user '****'@'localhost' (using password: YES)
#0 C:\xampp0\htdocs\cafe-PUM\system\Database\BaseConnection.php(577): CodeIgniter\Database\BaseConnection->initialize()
#1 C:\xampp0\htdocs\cafe-PUM\system\Database\BaseBuilder.php(1443): CodeIgniter\Database\BaseConnection->query('SELECT *\nFROM `...', Array, false)
#2 C:\xampp0\htdocs\cafe-PUM\system\Model.php(210): CodeIgniter\Database\BaseBuilder->get()
#3 C:\xampp0\htdocs\cafe-PUM\system\BaseModel.php(622): CodeIgniter\Model->doFirst()
#4 C:\xampp0\htdocs\cafe-PUM\app\Controllers\Dashboard.php(130): CodeIgniter\BaseModel->first()
#5 C:\xampp0\htdocs\cafe-PUM\system\CodeIgniter.php(824): App\Controllers\Dashboard->auth()
#6 C:\xampp0\htdocs\cafe-PUM\system\CodeIgniter.php(410): CodeIgniter\CodeIgniter->runController(Object(App\Controllers\Dashboard))
#7 C:\xampp0\htdocs\cafe-PUM\system\CodeIgniter.php(318): CodeIgniter\CodeIgniter->handleRequest(NULL, Object(Config\Cache), false)
#8 C:\xampp0\htdocs\cafe-PUM\index.php(37): CodeIgniter\CodeIgniter->run()
#9 {main}
ERROR - 2024-11-04 04:56:19 --> Error connecting to the database: Access denied for user '****'@'localhost' (using password: YES)
CRITICAL - 2024-11-04 04:56:19 --> Unable to connect to the database.
Main connection [MySQLi]: Access denied for user '****'@'localhost' (using password: YES)
#0 C:\xampp0\htdocs\cafe-PUM\system\Database\BaseConnection.php(577): CodeIgniter\Database\BaseConnection->initialize()
#1 C:\xampp0\htdocs\cafe-PUM\system\Database\BaseBuilder.php(1443): CodeIgniter\Database\BaseConnection->query('SELECT *\nFROM `...', Array, false)
#2 C:\xampp0\htdocs\cafe-PUM\system\Model.php(210): CodeIgniter\Database\BaseBuilder->get()
#3 C:\xampp0\htdocs\cafe-PUM\system\BaseModel.php(622): CodeIgniter\Model->doFirst()
#4 C:\xampp0\htdocs\cafe-PUM\app\Controllers\Dashboard.php(130): CodeIgniter\BaseModel->first()
#5 C:\xampp0\htdocs\cafe-PUM\system\CodeIgniter.php(824): App\Controllers\Dashboard->auth()
#6 C:\xampp0\htdocs\cafe-PUM\system\CodeIgniter.php(410): CodeIgniter\CodeIgniter->runController(Object(App\Controllers\Dashboard))
#7 C:\xampp0\htdocs\cafe-PUM\system\CodeIgniter.php(318): CodeIgniter\CodeIgniter->handleRequest(NULL, Object(Config\Cache), false)
#8 C:\xampp0\htdocs\cafe-PUM\index.php(37): CodeIgniter\CodeIgniter->run()
#9 {main}
ERROR - 2024-11-04 04:56:20 --> Error connecting to the database: Access denied for user '****'@'localhost' (using password: YES)
CRITICAL - 2024-11-04 04:56:20 --> Unable to connect to the database.
Main connection [MySQLi]: Access denied for user '****'@'localhost' (using password: YES)
#0 C:\xampp0\htdocs\cafe-PUM\system\Database\BaseConnection.php(577): CodeIgniter\Database\BaseConnection->initialize()
#1 C:\xampp0\htdocs\cafe-PUM\system\Database\BaseBuilder.php(1443): CodeIgniter\Database\BaseConnection->query('SELECT *\nFROM `...', Array, false)
#2 C:\xampp0\htdocs\cafe-PUM\system\Model.php(210): CodeIgniter\Database\BaseBuilder->get()
#3 C:\xampp0\htdocs\cafe-PUM\system\BaseModel.php(622): CodeIgniter\Model->doFirst()
#4 C:\xampp0\htdocs\cafe-PUM\app\Controllers\Dashboard.php(130): CodeIgniter\BaseModel->first()
#5 C:\xampp0\htdocs\cafe-PUM\system\CodeIgniter.php(824): App\Controllers\Dashboard->auth()
#6 C:\xampp0\htdocs\cafe-PUM\system\CodeIgniter.php(410): CodeIgniter\CodeIgniter->runController(Object(App\Controllers\Dashboard))
#7 C:\xampp0\htdocs\cafe-PUM\system\CodeIgniter.php(318): CodeIgniter\CodeIgniter->handleRequest(NULL, Object(Config\Cache), false)
#8 C:\xampp0\htdocs\cafe-PUM\index.php(37): CodeIgniter\CodeIgniter->run()
#9 {main}
ERROR - 2024-11-04 04:56:20 --> Error connecting to the database: Access denied for user '****'@'localhost' (using password: YES)
CRITICAL - 2024-11-04 04:56:20 --> Unable to connect to the database.
Main connection [MySQLi]: Access denied for user '****'@'localhost' (using password: YES)
#0 C:\xampp0\htdocs\cafe-PUM\system\Database\BaseConnection.php(577): CodeIgniter\Database\BaseConnection->initialize()
#1 C:\xampp0\htdocs\cafe-PUM\system\Database\BaseBuilder.php(1443): CodeIgniter\Database\BaseConnection->query('SELECT *\nFROM `...', Array, false)
#2 C:\xampp0\htdocs\cafe-PUM\system\Model.php(210): CodeIgniter\Database\BaseBuilder->get()
#3 C:\xampp0\htdocs\cafe-PUM\system\BaseModel.php(622): CodeIgniter\Model->doFirst()
#4 C:\xampp0\htdocs\cafe-PUM\app\Controllers\Dashboard.php(130): CodeIgniter\BaseModel->first()
#5 C:\xampp0\htdocs\cafe-PUM\system\CodeIgniter.php(824): App\Controllers\Dashboard->auth()
#6 C:\xampp0\htdocs\cafe-PUM\system\CodeIgniter.php(410): CodeIgniter\CodeIgniter->runController(Object(App\Controllers\Dashboard))
#7 C:\xampp0\htdocs\cafe-PUM\system\CodeIgniter.php(318): CodeIgniter\CodeIgniter->handleRequest(NULL, Object(Config\Cache), false)
#8 C:\xampp0\htdocs\cafe-PUM\index.php(37): CodeIgniter\CodeIgniter->run()
#9 {main}
ERROR - 2024-11-04 04:56:21 --> Error connecting to the database: Access denied for user '****'@'localhost' (using password: YES)
CRITICAL - 2024-11-04 04:56:21 --> Unable to connect to the database.
Main connection [MySQLi]: Access denied for user '****'@'localhost' (using password: YES)
#0 C:\xampp0\htdocs\cafe-PUM\system\Database\BaseConnection.php(577): CodeIgniter\Database\BaseConnection->initialize()
#1 C:\xampp0\htdocs\cafe-PUM\system\Database\BaseBuilder.php(1443): CodeIgniter\Database\BaseConnection->query('SELECT *\nFROM `...', Array, false)
#2 C:\xampp0\htdocs\cafe-PUM\system\Model.php(210): CodeIgniter\Database\BaseBuilder->get()
#3 C:\xampp0\htdocs\cafe-PUM\system\BaseModel.php(622): CodeIgniter\Model->doFirst()
#4 C:\xampp0\htdocs\cafe-PUM\app\Controllers\Dashboard.php(130): CodeIgniter\BaseModel->first()
#5 C:\xampp0\htdocs\cafe-PUM\system\CodeIgniter.php(824): App\Controllers\Dashboard->auth()
#6 C:\xampp0\htdocs\cafe-PUM\system\CodeIgniter.php(410): CodeIgniter\CodeIgniter->runController(Object(App\Controllers\Dashboard))
#7 C:\xampp0\htdocs\cafe-PUM\system\CodeIgniter.php(318): CodeIgniter\CodeIgniter->handleRequest(NULL, Object(Config\Cache), false)
#8 C:\xampp0\htdocs\cafe-PUM\index.php(37): CodeIgniter\CodeIgniter->run()
#9 {main}
ERROR - 2024-11-04 04:56:21 --> Error connecting to the database: Access denied for user '****'@'localhost' (using password: YES)
CRITICAL - 2024-11-04 04:56:21 --> Unable to connect to the database.
Main connection [MySQLi]: Access denied for user '****'@'localhost' (using password: YES)
#0 C:\xampp0\htdocs\cafe-PUM\system\Database\BaseConnection.php(577): CodeIgniter\Database\BaseConnection->initialize()
#1 C:\xampp0\htdocs\cafe-PUM\system\Database\BaseBuilder.php(1443): CodeIgniter\Database\BaseConnection->query('SELECT *\nFROM `...', Array, false)
#2 C:\xampp0\htdocs\cafe-PUM\system\Model.php(210): CodeIgniter\Database\BaseBuilder->get()
#3 C:\xampp0\htdocs\cafe-PUM\system\BaseModel.php(622): CodeIgniter\Model->doFirst()
#4 C:\xampp0\htdocs\cafe-PUM\app\Controllers\Dashboard.php(130): CodeIgniter\BaseModel->first()
#5 C:\xampp0\htdocs\cafe-PUM\system\CodeIgniter.php(824): App\Controllers\Dashboard->auth()
#6 C:\xampp0\htdocs\cafe-PUM\system\CodeIgniter.php(410): CodeIgniter\CodeIgniter->runController(Object(App\Controllers\Dashboard))
#7 C:\xampp0\htdocs\cafe-PUM\system\CodeIgniter.php(318): CodeIgniter\CodeIgniter->handleRequest(NULL, Object(Config\Cache), false)
#8 C:\xampp0\htdocs\cafe-PUM\index.php(37): CodeIgniter\CodeIgniter->run()
#9 {main}
ERROR - 2024-11-04 04:58:07 --> Error connecting to the database: Access denied for user '****'@'localhost' (using password: YES)
CRITICAL - 2024-11-04 04:58:07 --> Unable to connect to the database.
Main connection [MySQLi]: Access denied for user '****'@'localhost' (using password: YES)
#0 C:\xampp0\htdocs\cafe-PUM\system\Database\BaseConnection.php(577): CodeIgniter\Database\BaseConnection->initialize()
#1 C:\xampp0\htdocs\cafe-PUM\system\Database\BaseBuilder.php(1443): CodeIgniter\Database\BaseConnection->query('SELECT *\nFROM `...', Array, false)
#2 C:\xampp0\htdocs\cafe-PUM\system\Model.php(183): CodeIgniter\Database\BaseBuilder->get()
#3 C:\xampp0\htdocs\cafe-PUM\system\BaseModel.php(584): CodeIgniter\Model->doFindAll(0, 0)
#4 C:\xampp0\htdocs\cafe-PUM\app\Controllers\Dashboard.php(42): CodeIgniter\BaseModel->findAll()
#5 C:\xampp0\htdocs\cafe-PUM\system\CodeIgniter.php(824): App\Controllers\Dashboard->goToMenu()
#6 C:\xampp0\htdocs\cafe-PUM\system\CodeIgniter.php(410): CodeIgniter\CodeIgniter->runController(Object(App\Controllers\Dashboard))
#7 C:\xampp0\htdocs\cafe-PUM\system\CodeIgniter.php(318): CodeIgniter\CodeIgniter->handleRequest(NULL, Object(Config\Cache), false)
#8 C:\xampp0\htdocs\cafe-PUM\index.php(37): CodeIgniter\CodeIgniter->run()
#9 {main}
