CRITICAL - 2025-01-14 22:17:47 --> str_replace(): Passing null to parameter #2 ($replace) of type array|string is deprecated
#0 [internal function]: CodeIgniter\Debug\Exceptions->errorHandler(8192, 'str_replace(): ...', 'C:\\xampp0\\htdoc...', 669)
#1 C:\xampp0\htdocs\cafe-PUM1\system\Validation\Validation.php(669): str_replace('{value}', NULL, 'file is too lar...')
#2 C:\xampp0\htdocs\cafe-PUM1\system\Validation\Validation.php(298): CodeIgniter\Validation\Validation->getErrorMessage('max_size', 'file', 'file', 'file,2048', NULL)
#3 C:\xampp0\htdocs\cafe-PUM1\system\Validation\Validation.php(151): CodeIgniter\Validation\Validation->processRules('file', 'file', NULL, Array, Array)
#4 C:\xampp0\htdocs\cafe-PUM1\app\Controllers\Menu.php(77): CodeIgniter\Validation\Validation->run()
#5 C:\xampp0\htdocs\cafe-PUM1\system\CodeIgniter.php(824): App\Controllers\Menu->upload()
#6 C:\xampp0\htdocs\cafe-PUM1\system\CodeIgniter.php(410): CodeIgniter\CodeIgniter->runController(Object(App\Controllers\Menu))
#7 C:\xampp0\htdocs\cafe-PUM1\system\CodeIgniter.php(318): CodeIgniter\CodeIgniter->handleRequest(NULL, Object(Config\Cache), false)
#8 C:\xampp0\htdocs\cafe-PUM1\index.php(37): CodeIgniter\CodeIgniter->run()
#9 {main}
CRITICAL - 2025-01-14 22:17:54 --> str_replace(): Passing null to parameter #2 ($replace) of type array|string is deprecated
#0 [internal function]: CodeIgniter\Debug\Exceptions->errorHandler(8192, 'str_replace(): ...', 'C:\\xampp0\\htdoc...', 669)
#1 C:\xampp0\htdocs\cafe-PUM1\system\Validation\Validation.php(669): str_replace('{value}', NULL, 'file is too lar...')
#2 C:\xampp0\htdocs\cafe-PUM1\system\Validation\Validation.php(298): CodeIgniter\Validation\Validation->getErrorMessage('max_size', 'file', 'file', 'file,2048', NULL)
#3 C:\xampp0\htdocs\cafe-PUM1\system\Validation\Validation.php(151): CodeIgniter\Validation\Validation->processRules('file', 'file', NULL, Array, Array)
#4 C:\xampp0\htdocs\cafe-PUM1\app\Controllers\Menu.php(77): CodeIgniter\Validation\Validation->run()
#5 C:\xampp0\htdocs\cafe-PUM1\system\CodeIgniter.php(824): App\Controllers\Menu->upload()
#6 C:\xampp0\htdocs\cafe-PUM1\system\CodeIgniter.php(410): CodeIgniter\CodeIgniter->runController(Object(App\Controllers\Menu))
#7 C:\xampp0\htdocs\cafe-PUM1\system\CodeIgniter.php(318): CodeIgniter\CodeIgniter->handleRequest(NULL, Object(Config\Cache), false)
#8 C:\xampp0\htdocs\cafe-PUM1\index.php(37): CodeIgniter\CodeIgniter->run()
#9 {main}
CRITICAL - 2025-01-14 22:17:55 --> str_replace(): Passing null to parameter #2 ($replace) of type array|string is deprecated
#0 [internal function]: CodeIgniter\Debug\Exceptions->errorHandler(8192, 'str_replace(): ...', 'C:\\xampp0\\htdoc...', 669)
#1 C:\xampp0\htdocs\cafe-PUM1\system\Validation\Validation.php(669): str_replace('{value}', NULL, 'file is too lar...')
#2 C:\xampp0\htdocs\cafe-PUM1\system\Validation\Validation.php(298): CodeIgniter\Validation\Validation->getErrorMessage('max_size', 'file', 'file', 'file,2048', NULL)
#3 C:\xampp0\htdocs\cafe-PUM1\system\Validation\Validation.php(151): CodeIgniter\Validation\Validation->processRules('file', 'file', NULL, Array, Array)
#4 C:\xampp0\htdocs\cafe-PUM1\app\Controllers\Menu.php(77): CodeIgniter\Validation\Validation->run()
#5 C:\xampp0\htdocs\cafe-PUM1\system\CodeIgniter.php(824): App\Controllers\Menu->upload()
#6 C:\xampp0\htdocs\cafe-PUM1\system\CodeIgniter.php(410): CodeIgniter\CodeIgniter->runController(Object(App\Controllers\Menu))
#7 C:\xampp0\htdocs\cafe-PUM1\system\CodeIgniter.php(318): CodeIgniter\CodeIgniter->handleRequest(NULL, Object(Config\Cache), false)
#8 C:\xampp0\htdocs\cafe-PUM1\index.php(37): CodeIgniter\CodeIgniter->run()
#9 {main}
CRITICAL - 2025-01-14 22:17:56 --> str_replace(): Passing null to parameter #2 ($replace) of type array|string is deprecated
#0 [internal function]: CodeIgniter\Debug\Exceptions->errorHandler(8192, 'str_replace(): ...', 'C:\\xampp0\\htdoc...', 669)
#1 C:\xampp0\htdocs\cafe-PUM1\system\Validation\Validation.php(669): str_replace('{value}', NULL, 'file is too lar...')
#2 C:\xampp0\htdocs\cafe-PUM1\system\Validation\Validation.php(298): CodeIgniter\Validation\Validation->getErrorMessage('max_size', 'file', 'file', 'file,2048', NULL)
#3 C:\xampp0\htdocs\cafe-PUM1\system\Validation\Validation.php(151): CodeIgniter\Validation\Validation->processRules('file', 'file', NULL, Array, Array)
#4 C:\xampp0\htdocs\cafe-PUM1\app\Controllers\Menu.php(77): CodeIgniter\Validation\Validation->run()
#5 C:\xampp0\htdocs\cafe-PUM1\system\CodeIgniter.php(824): App\Controllers\Menu->upload()
#6 C:\xampp0\htdocs\cafe-PUM1\system\CodeIgniter.php(410): CodeIgniter\CodeIgniter->runController(Object(App\Controllers\Menu))
#7 C:\xampp0\htdocs\cafe-PUM1\system\CodeIgniter.php(318): CodeIgniter\CodeIgniter->handleRequest(NULL, Object(Config\Cache), false)
#8 C:\xampp0\htdocs\cafe-PUM1\index.php(37): CodeIgniter\CodeIgniter->run()
#9 {main}
CRITICAL - 2025-01-14 22:17:57 --> str_replace(): Passing null to parameter #2 ($replace) of type array|string is deprecated
#0 [internal function]: CodeIgniter\Debug\Exceptions->errorHandler(8192, 'str_replace(): ...', 'C:\\xampp0\\htdoc...', 669)
#1 C:\xampp0\htdocs\cafe-PUM1\system\Validation\Validation.php(669): str_replace('{value}', NULL, 'file is too lar...')
#2 C:\xampp0\htdocs\cafe-PUM1\system\Validation\Validation.php(298): CodeIgniter\Validation\Validation->getErrorMessage('max_size', 'file', 'file', 'file,2048', NULL)
#3 C:\xampp0\htdocs\cafe-PUM1\system\Validation\Validation.php(151): CodeIgniter\Validation\Validation->processRules('file', 'file', NULL, Array, Array)
#4 C:\xampp0\htdocs\cafe-PUM1\app\Controllers\Menu.php(77): CodeIgniter\Validation\Validation->run()
#5 C:\xampp0\htdocs\cafe-PUM1\system\CodeIgniter.php(824): App\Controllers\Menu->upload()
#6 C:\xampp0\htdocs\cafe-PUM1\system\CodeIgniter.php(410): CodeIgniter\CodeIgniter->runController(Object(App\Controllers\Menu))
#7 C:\xampp0\htdocs\cafe-PUM1\system\CodeIgniter.php(318): CodeIgniter\CodeIgniter->handleRequest(NULL, Object(Config\Cache), false)
#8 C:\xampp0\htdocs\cafe-PUM1\index.php(37): CodeIgniter\CodeIgniter->run()
#9 {main}
CRITICAL - 2025-01-14 22:18:02 --> str_replace(): Passing null to parameter #2 ($replace) of type array|string is deprecated
#0 [internal function]: CodeIgniter\Debug\Exceptions->errorHandler(8192, 'str_replace(): ...', 'C:\\xampp0\\htdoc...', 669)
#1 C:\xampp0\htdocs\cafe-PUM1\system\Validation\Validation.php(669): str_replace('{value}', NULL, 'file is too lar...')
#2 C:\xampp0\htdocs\cafe-PUM1\system\Validation\Validation.php(298): CodeIgniter\Validation\Validation->getErrorMessage('max_size', 'file', 'file', 'file,2048', NULL)
#3 C:\xampp0\htdocs\cafe-PUM1\system\Validation\Validation.php(151): CodeIgniter\Validation\Validation->processRules('file', 'file', NULL, Array, Array)
#4 C:\xampp0\htdocs\cafe-PUM1\app\Controllers\Menu.php(77): CodeIgniter\Validation\Validation->run()
#5 C:\xampp0\htdocs\cafe-PUM1\system\CodeIgniter.php(824): App\Controllers\Menu->upload()
#6 C:\xampp0\htdocs\cafe-PUM1\system\CodeIgniter.php(410): CodeIgniter\CodeIgniter->runController(Object(App\Controllers\Menu))
#7 C:\xampp0\htdocs\cafe-PUM1\system\CodeIgniter.php(318): CodeIgniter\CodeIgniter->handleRequest(NULL, Object(Config\Cache), false)
#8 C:\xampp0\htdocs\cafe-PUM1\index.php(37): CodeIgniter\CodeIgniter->run()
#9 {main}
CRITICAL - 2025-01-14 22:18:47 --> str_replace(): Passing null to parameter #2 ($replace) of type array|string is deprecated
#0 [internal function]: CodeIgniter\Debug\Exceptions->errorHandler(8192, 'str_replace(): ...', 'C:\\xampp0\\htdoc...', 669)
#1 C:\xampp0\htdocs\cafe-PUM1\system\Validation\Validation.php(669): str_replace('{value}', NULL, 'file is too lar...')
#2 C:\xampp0\htdocs\cafe-PUM1\system\Validation\Validation.php(298): CodeIgniter\Validation\Validation->getErrorMessage('max_size', 'file', 'file', 'file,2048', NULL)
#3 C:\xampp0\htdocs\cafe-PUM1\system\Validation\Validation.php(151): CodeIgniter\Validation\Validation->processRules('file', 'file', NULL, Array, Array)
#4 C:\xampp0\htdocs\cafe-PUM1\app\Controllers\Menu.php(77): CodeIgniter\Validation\Validation->run()
#5 C:\xampp0\htdocs\cafe-PUM1\system\CodeIgniter.php(824): App\Controllers\Menu->upload()
#6 C:\xampp0\htdocs\cafe-PUM1\system\CodeIgniter.php(410): CodeIgniter\CodeIgniter->runController(Object(App\Controllers\Menu))
#7 C:\xampp0\htdocs\cafe-PUM1\system\CodeIgniter.php(318): CodeIgniter\CodeIgniter->handleRequest(NULL, Object(Config\Cache), false)
#8 C:\xampp0\htdocs\cafe-PUM1\index.php(37): CodeIgniter\CodeIgniter->run()
#9 {main}
CRITICAL - 2025-01-14 22:18:47 --> str_replace(): Passing null to parameter #2 ($replace) of type array|string is deprecated
#0 [internal function]: CodeIgniter\Debug\Exceptions->errorHandler(8192, 'str_replace(): ...', 'C:\\xampp0\\htdoc...', 669)
#1 C:\xampp0\htdocs\cafe-PUM1\system\Validation\Validation.php(669): str_replace('{value}', NULL, 'file is too lar...')
#2 C:\xampp0\htdocs\cafe-PUM1\system\Validation\Validation.php(298): CodeIgniter\Validation\Validation->getErrorMessage('max_size', 'file', 'file', 'file,2048', NULL)
#3 C:\xampp0\htdocs\cafe-PUM1\system\Validation\Validation.php(151): CodeIgniter\Validation\Validation->processRules('file', 'file', NULL, Array, Array)
#4 C:\xampp0\htdocs\cafe-PUM1\app\Controllers\Menu.php(77): CodeIgniter\Validation\Validation->run()
#5 C:\xampp0\htdocs\cafe-PUM1\system\CodeIgniter.php(824): App\Controllers\Menu->upload()
#6 C:\xampp0\htdocs\cafe-PUM1\system\CodeIgniter.php(410): CodeIgniter\CodeIgniter->runController(Object(App\Controllers\Menu))
#7 C:\xampp0\htdocs\cafe-PUM1\system\CodeIgniter.php(318): CodeIgniter\CodeIgniter->handleRequest(NULL, Object(Config\Cache), false)
#8 C:\xampp0\htdocs\cafe-PUM1\index.php(37): CodeIgniter\CodeIgniter->run()
#9 {main}
CRITICAL - 2025-01-14 22:18:48 --> str_replace(): Passing null to parameter #2 ($replace) of type array|string is deprecated
#0 [internal function]: CodeIgniter\Debug\Exceptions->errorHandler(8192, 'str_replace(): ...', 'C:\\xampp0\\htdoc...', 669)
#1 C:\xampp0\htdocs\cafe-PUM1\system\Validation\Validation.php(669): str_replace('{value}', NULL, 'file is too lar...')
#2 C:\xampp0\htdocs\cafe-PUM1\system\Validation\Validation.php(298): CodeIgniter\Validation\Validation->getErrorMessage('max_size', 'file', 'file', 'file,2048', NULL)
#3 C:\xampp0\htdocs\cafe-PUM1\system\Validation\Validation.php(151): CodeIgniter\Validation\Validation->processRules('file', 'file', NULL, Array, Array)
#4 C:\xampp0\htdocs\cafe-PUM1\app\Controllers\Menu.php(77): CodeIgniter\Validation\Validation->run()
#5 C:\xampp0\htdocs\cafe-PUM1\system\CodeIgniter.php(824): App\Controllers\Menu->upload()
#6 C:\xampp0\htdocs\cafe-PUM1\system\CodeIgniter.php(410): CodeIgniter\CodeIgniter->runController(Object(App\Controllers\Menu))
#7 C:\xampp0\htdocs\cafe-PUM1\system\CodeIgniter.php(318): CodeIgniter\CodeIgniter->handleRequest(NULL, Object(Config\Cache), false)
#8 C:\xampp0\htdocs\cafe-PUM1\index.php(37): CodeIgniter\CodeIgniter->run()
#9 {main}
CRITICAL - 2025-01-14 22:18:48 --> str_replace(): Passing null to parameter #2 ($replace) of type array|string is deprecated
#0 [internal function]: CodeIgniter\Debug\Exceptions->errorHandler(8192, 'str_replace(): ...', 'C:\\xampp0\\htdoc...', 669)
#1 C:\xampp0\htdocs\cafe-PUM1\system\Validation\Validation.php(669): str_replace('{value}', NULL, 'file is too lar...')
#2 C:\xampp0\htdocs\cafe-PUM1\system\Validation\Validation.php(298): CodeIgniter\Validation\Validation->getErrorMessage('max_size', 'file', 'file', 'file,2048', NULL)
#3 C:\xampp0\htdocs\cafe-PUM1\system\Validation\Validation.php(151): CodeIgniter\Validation\Validation->processRules('file', 'file', NULL, Array, Array)
#4 C:\xampp0\htdocs\cafe-PUM1\app\Controllers\Menu.php(77): CodeIgniter\Validation\Validation->run()
#5 C:\xampp0\htdocs\cafe-PUM1\system\CodeIgniter.php(824): App\Controllers\Menu->upload()
#6 C:\xampp0\htdocs\cafe-PUM1\system\CodeIgniter.php(410): CodeIgniter\CodeIgniter->runController(Object(App\Controllers\Menu))
#7 C:\xampp0\htdocs\cafe-PUM1\system\CodeIgniter.php(318): CodeIgniter\CodeIgniter->handleRequest(NULL, Object(Config\Cache), false)
#8 C:\xampp0\htdocs\cafe-PUM1\index.php(37): CodeIgniter\CodeIgniter->run()
#9 {main}
ERROR - 2025-01-14 22:41:37 --> Error connecting to the database: No connection could be made because the target machine actively refused it
CRITICAL - 2025-01-14 22:41:37 --> Unable to connect to the database.
Main connection [MySQLi]: No connection could be made because the target machine actively refused it
#0 C:\xampp0\htdocs\cafe-PUM1\system\Database\BaseConnection.php(577): CodeIgniter\Database\BaseConnection->initialize()
#1 C:\xampp0\htdocs\cafe-PUM1\system\Database\BaseBuilder.php(1443): CodeIgniter\Database\BaseConnection->query('SELECT *\nFROM `...', Array, false)
#2 C:\xampp0\htdocs\cafe-PUM1\system\Model.php(183): CodeIgniter\Database\BaseBuilder->get()
#3 C:\xampp0\htdocs\cafe-PUM1\system\BaseModel.php(584): CodeIgniter\Model->doFindAll(0, 0)
#4 C:\xampp0\htdocs\cafe-PUM1\app\Controllers\Dashboard.php(36): CodeIgniter\BaseModel->findAll()
#5 C:\xampp0\htdocs\cafe-PUM1\system\CodeIgniter.php(824): App\Controllers\Dashboard->index()
#6 C:\xampp0\htdocs\cafe-PUM1\system\CodeIgniter.php(410): CodeIgniter\CodeIgniter->runController(Object(App\Controllers\Dashboard))
#7 C:\xampp0\htdocs\cafe-PUM1\system\CodeIgniter.php(318): CodeIgniter\CodeIgniter->handleRequest(NULL, Object(Config\Cache), false)
#8 C:\xampp0\htdocs\cafe-PUM1\index.php(37): CodeIgniter\CodeIgniter->run()
#9 {main}
