ERROR - 2024-12-07 01:56:32 --> Error connecting to the database: Access denied for user '****'@'localhost' (using password: YES)
CRITICAL - 2024-12-07 01:56:32 --> Unable to connect to the database.
Main connection [MySQLi]: Access denied for user '****'@'localhost' (using password: YES)
#0 C:\xampp0\htdocs\cafe-PUM\system\Database\BaseConnection.php(577): CodeIgniter\Database\BaseConnection->initialize()
#1 C:\xampp0\htdocs\cafe-PUM\system\Database\BaseBuilder.php(1443): CodeIgniter\Database\BaseConnection->query('SELECT *\nFROM `...', Array, false)
#2 C:\xampp0\htdocs\cafe-PUM\system\Model.php(183): CodeIgniter\Database\BaseBuilder->get()
#3 C:\xampp0\htdocs\cafe-PUM\system\BaseModel.php(584): CodeIgniter\Model->doFindAll(0, 0)
#4 C:\xampp0\htdocs\cafe-PUM\app\Controllers\Dashboard.php(42): CodeIgniter\BaseModel->findAll()
#5 C:\xampp0\htdocs\cafe-PUM\system\CodeIgniter.php(824): App\Controllers\Dashboard->goToMenu()
#6 C:\xampp0\htdocs\cafe-PUM\system\CodeIgniter.php(410): CodeIgniter\CodeIgniter->runController(Object(App\Controllers\Dashboard))
#7 C:\xampp0\htdocs\cafe-PUM\system\CodeIgniter.php(318): CodeIgniter\CodeIgniter->handleRequest(NULL, Object(Config\Cache), false)
#8 C:\xampp0\htdocs\cafe-PUM\index.php(37): CodeIgniter\CodeIgniter->run()
#9 {main}
CRITICAL - 2024-12-07 01:56:59 --> default is not a valid database connection group.
#0 C:\xampp0\htdocs\cafe-PUM\system\Model.php(97): CodeIgniter\Database\Config::connect('default')
#1 C:\xampp0\htdocs\cafe-PUM\app\Controllers\Dashboard.php(20): CodeIgniter\Model->__construct()
#2 C:\xampp0\htdocs\cafe-PUM\system\CodeIgniter.php(801): App\Controllers\Dashboard->__construct()
#3 C:\xampp0\htdocs\cafe-PUM\system\CodeIgniter.php(401): CodeIgniter\CodeIgniter->createController()
#4 C:\xampp0\htdocs\cafe-PUM\system\CodeIgniter.php(318): CodeIgniter\CodeIgniter->handleRequest(NULL, Object(Config\Cache), false)
#5 C:\xampp0\htdocs\cafe-PUM\index.php(37): CodeIgniter\CodeIgniter->run()
#6 {main}
ERROR - 2024-12-07 01:57:50 --> Error mendapatkan Snap Token: Attempt to read property "quantity" on array
