CRITICAL - 2024-10-07 10:31:08 --> Undefined variable: Coffe
#0 C:\xampp2\htdocs\cafe-PUM\app\Views\dashboard.php(61): CodeIgniter\Debug\Exceptions->errorHandler(8, 'Undefined varia...', 'C:\\xampp2\\htdoc...', 61, Array)
#1 C:\xampp2\htdocs\cafe-PUM\system\View\View.php(214): include('C:\\xampp2\\htdoc...')
#2 C:\xampp2\htdocs\cafe-PUM\system\View\View.php(217): CodeIgniter\View\View->CodeIgniter\View\{closure}()
#3 C:\xampp2\htdocs\cafe-PUM\system\Common.php(1097): CodeIgniter\View\View->render('dashboard', Array, true)
#4 C:\xampp2\htdocs\cafe-PUM\app\Controllers\Dashboard.php(33): view('dashboard', Array)
#5 C:\xampp2\htdocs\cafe-PUM\system\CodeIgniter.php(824): App\Controllers\Dashboard->index()
#6 C:\xampp2\htdocs\cafe-PUM\system\CodeIgniter.php(410): CodeIgniter\CodeIgniter->runController(Object(App\Controllers\Dashboard))
#7 C:\xampp2\htdocs\cafe-PUM\system\CodeIgniter.php(318): CodeIgniter\CodeIgniter->handleRequest(NULL, Object(Config\Cache), false)
#8 C:\xampp2\htdocs\cafe-PUM\index.php(37): CodeIgniter\CodeIgniter->run()
#9 {main}
CRITICAL - 2024-10-07 10:41:42 --> Undefined variable: kopi
#0 C:\xampp2\htdocs\cafe-PUM\app\Views\dashboard.php(61): CodeIgniter\Debug\Exceptions->errorHandler(8, 'Undefined varia...', 'C:\\xampp2\\htdoc...', 61, Array)
#1 C:\xampp2\htdocs\cafe-PUM\system\View\View.php(214): include('C:\\xampp2\\htdoc...')
#2 C:\xampp2\htdocs\cafe-PUM\system\View\View.php(217): CodeIgniter\View\View->CodeIgniter\View\{closure}()
#3 C:\xampp2\htdocs\cafe-PUM\system\Common.php(1097): CodeIgniter\View\View->render('dashboard', Array, true)
#4 C:\xampp2\htdocs\cafe-PUM\app\Controllers\Dashboard.php(33): view('dashboard', Array)
#5 C:\xampp2\htdocs\cafe-PUM\system\CodeIgniter.php(824): App\Controllers\Dashboard->index()
#6 C:\xampp2\htdocs\cafe-PUM\system\CodeIgniter.php(410): CodeIgniter\CodeIgniter->runController(Object(App\Controllers\Dashboard))
#7 C:\xampp2\htdocs\cafe-PUM\system\CodeIgniter.php(318): CodeIgniter\CodeIgniter->handleRequest(NULL, Object(Config\Cache), false)
#8 C:\xampp2\htdocs\cafe-PUM\index.php(37): CodeIgniter\CodeIgniter->run()
#9 {main}
