ERROR - 2025-01-05 01:17:36 --> Error connecting to the database: Unknown database 'pum'
CRITICAL - 2025-01-05 01:17:36 --> Unable to connect to the database.
Main connection [MySQLi]: Unknown database 'pum'
#0 C:\xampp0\htdocs\cafe-PUM1\system\Database\BaseConnection.php(577): CodeIgniter\Database\BaseConnection->initialize()
#1 C:\xampp0\htdocs\cafe-PUM1\system\Database\BaseBuilder.php(1443): CodeIgniter\Database\BaseConnection->query('SELECT *\nFROM `...', Array, false)
#2 C:\xampp0\htdocs\cafe-PUM1\system\Model.php(183): CodeIgniter\Database\BaseBuilder->get()
#3 C:\xampp0\htdocs\cafe-PUM1\system\BaseModel.php(584): CodeIgniter\Model->doFindAll(0, 0)
#4 C:\xampp0\htdocs\cafe-PUM1\app\Controllers\Antrian.php(31): CodeIgniter\BaseModel->findAll()
#5 C:\xampp0\htdocs\cafe-PUM1\system\CodeIgniter.php(824): App\Controllers\Antrian->dataAntrian()
#6 C:\xampp0\htdocs\cafe-PUM1\system\CodeIgniter.php(410): CodeIgniter\CodeIgniter->runController(Object(App\Controllers\Antrian))
#7 C:\xampp0\htdocs\cafe-PUM1\system\CodeIgniter.php(318): CodeIgniter\CodeIgniter->handleRequest(NULL, Object(Config\Cache), false)
#8 C:\xampp0\htdocs\cafe-PUM1\index.php(37): CodeIgniter\CodeIgniter->run()
#9 {main}
ERROR - 2025-01-05 14:17:36 --> Error connecting to the database: Unknown database 'pum'
CRITICAL - 2025-01-05 14:17:36 --> Unable to connect to the database.
Main connection [MySQLi]: Unknown database 'pum'
#0 C:\xampp0\htdocs\cafe-PUM1\system\Database\BaseConnection.php(577): CodeIgniter\Database\BaseConnection->initialize()
#1 C:\xampp0\htdocs\cafe-PUM1\system\Database\BaseBuilder.php(1443): CodeIgniter\Database\BaseConnection->query('SELECT *\nFROM `...', Array, false)
#2 C:\xampp0\htdocs\cafe-PUM1\system\Model.php(183): CodeIgniter\Database\BaseBuilder->get()
#3 C:\xampp0\htdocs\cafe-PUM1\system\BaseModel.php(584): CodeIgniter\Model->doFindAll(0, 0)
#4 C:\xampp0\htdocs\cafe-PUM1\app\Controllers\Antrian.php(38): CodeIgniter\BaseModel->findAll()
#5 C:\xampp0\htdocs\cafe-PUM1\system\CodeIgniter.php(824): App\Controllers\Antrian->dataAntrianSelesai()
#6 C:\xampp0\htdocs\cafe-PUM1\system\CodeIgniter.php(410): CodeIgniter\CodeIgniter->runController(Object(App\Controllers\Antrian))
#7 C:\xampp0\htdocs\cafe-PUM1\system\CodeIgniter.php(318): CodeIgniter\CodeIgniter->handleRequest(NULL, Object(Config\Cache), false)
#8 C:\xampp0\htdocs\cafe-PUM1\index.php(37): CodeIgniter\CodeIgniter->run()
#9 {main}
ERROR - 2025-01-05 01:17:39 --> Error connecting to the database: Unknown database 'pum'
CRITICAL - 2025-01-05 01:17:39 --> Unable to connect to the database.
Main connection [MySQLi]: Unknown database 'pum'
#0 C:\xampp0\htdocs\cafe-PUM1\system\Database\BaseConnection.php(577): CodeIgniter\Database\BaseConnection->initialize()
#1 C:\xampp0\htdocs\cafe-PUM1\system\Database\BaseBuilder.php(1443): CodeIgniter\Database\BaseConnection->query('SELECT *\nFROM `...', Array, false)
#2 C:\xampp0\htdocs\cafe-PUM1\system\Model.php(183): CodeIgniter\Database\BaseBuilder->get()
#3 C:\xampp0\htdocs\cafe-PUM1\system\BaseModel.php(584): CodeIgniter\Model->doFindAll(0, 0)
#4 C:\xampp0\htdocs\cafe-PUM1\app\Controllers\Dashboard.php(36): CodeIgniter\BaseModel->findAll()
#5 C:\xampp0\htdocs\cafe-PUM1\system\CodeIgniter.php(824): App\Controllers\Dashboard->index()
#6 C:\xampp0\htdocs\cafe-PUM1\system\CodeIgniter.php(410): CodeIgniter\CodeIgniter->runController(Object(App\Controllers\Dashboard))
#7 C:\xampp0\htdocs\cafe-PUM1\system\CodeIgniter.php(318): CodeIgniter\CodeIgniter->handleRequest(NULL, Object(Config\Cache), false)
#8 C:\xampp0\htdocs\cafe-PUM1\index.php(37): CodeIgniter\CodeIgniter->run()
#9 {main}
