CRITICAL - 2024-10-25 12:37:37 --> strtolower(): Passing null to parameter #1 ($string) of type string is deprecated
#0 [internal function]: CodeIgniter\Debug\Exceptions->errorHandler(8192, 'strtolower(): P...', 'C:\\xampp2\\htdoc...', 253)
#1 C:\xampp2\htdocs\cafe-PUM\system\Validation\FormatRules.php(253): strtolower(NULL)
#2 C:\xampp2\htdocs\cafe-PUM\system\HTTP\RequestTrait.php(151): CodeIgniter\Validation\FormatRules->valid_ip('::1')
#3 C:\xampp2\htdocs\cafe-PUM\system\Config\Services.php(570): CodeIgniter\HTTP\Request->getIPAddress()
#4 C:\xampp2\htdocs\cafe-PUM\system\Config\BaseService.php(248): CodeIgniter\Config\Services::session(Object(Config\App), false)
#5 C:\xampp2\htdocs\cafe-PUM\system\Config\BaseService.php(189): CodeIgniter\Config\BaseService::__callStatic('session', Array)
#6 C:\xampp2\htdocs\cafe-PUM\system\Config\Services.php(563): CodeIgniter\Config\BaseService::getSharedInstance('session', NULL)
#7 C:\xampp2\htdocs\cafe-PUM\system\Config\BaseService.php(248): CodeIgniter\Config\Services::session()
#8 C:\xampp2\htdocs\cafe-PUM\system\Common.php(909): CodeIgniter\Config\BaseService::__callStatic('session', Array)
#9 C:\xampp2\htdocs\cafe-PUM\app\Controllers\Dashboard.php(21): session()
#10 C:\xampp2\htdocs\cafe-PUM\system\CodeIgniter.php(824): App\Controllers\Dashboard->index()
#11 C:\xampp2\htdocs\cafe-PUM\system\CodeIgniter.php(410): CodeIgniter\CodeIgniter->runController(Object(App\Controllers\Dashboard))
#12 C:\xampp2\htdocs\cafe-PUM\system\CodeIgniter.php(318): CodeIgniter\CodeIgniter->handleRequest(NULL, Object(Config\Cache), false)
#13 C:\xampp2\htdocs\cafe-PUM\public\index.php(37): CodeIgniter\CodeIgniter->run()
#14 C:\xampp2\htdocs\cafe-PUM\system\Commands\Server\rewrite.php(43): require_once('C:\\xampp2\\htdoc...')
#15 {main}
CRITICAL - 2024-10-25 12:37:50 --> strtolower(): Passing null to parameter #1 ($string) of type string is deprecated
#0 [internal function]: CodeIgniter\Debug\Exceptions->errorHandler(8192, 'strtolower(): P...', 'C:\\xampp2\\htdoc...', 253)
#1 C:\xampp2\htdocs\cafe-PUM\system\Validation\FormatRules.php(253): strtolower(NULL)
#2 C:\xampp2\htdocs\cafe-PUM\system\HTTP\RequestTrait.php(151): CodeIgniter\Validation\FormatRules->valid_ip('::1')
#3 C:\xampp2\htdocs\cafe-PUM\system\Config\Services.php(570): CodeIgniter\HTTP\Request->getIPAddress()
#4 C:\xampp2\htdocs\cafe-PUM\system\Config\BaseService.php(248): CodeIgniter\Config\Services::session(Object(Config\App), false)
#5 C:\xampp2\htdocs\cafe-PUM\system\Config\BaseService.php(189): CodeIgniter\Config\BaseService::__callStatic('session', Array)
#6 C:\xampp2\htdocs\cafe-PUM\system\Config\Services.php(563): CodeIgniter\Config\BaseService::getSharedInstance('session', NULL)
#7 C:\xampp2\htdocs\cafe-PUM\system\Config\BaseService.php(248): CodeIgniter\Config\Services::session()
#8 C:\xampp2\htdocs\cafe-PUM\system\Common.php(909): CodeIgniter\Config\BaseService::__callStatic('session', Array)
#9 C:\xampp2\htdocs\cafe-PUM\app\Controllers\Dashboard.php(21): session()
#10 C:\xampp2\htdocs\cafe-PUM\system\CodeIgniter.php(824): App\Controllers\Dashboard->index()
#11 C:\xampp2\htdocs\cafe-PUM\system\CodeIgniter.php(410): CodeIgniter\CodeIgniter->runController(Object(App\Controllers\Dashboard))
#12 C:\xampp2\htdocs\cafe-PUM\system\CodeIgniter.php(318): CodeIgniter\CodeIgniter->handleRequest(NULL, Object(Config\Cache), false)
#13 C:\xampp2\htdocs\cafe-PUM\public\index.php(37): CodeIgniter\CodeIgniter->run()
#14 C:\xampp2\htdocs\cafe-PUM\system\Commands\Server\rewrite.php(43): require_once('C:\\xampp2\\htdoc...')
#15 {main}
