CRITICAL - 2024-10-28 20:11:57 --> strtolower(): Passing null to parameter #1 ($string) of type string is deprecated
#0 [internal function]: CodeIgniter\Debug\Exceptions->errorHandler(8192, 'strtolower(): P...', 'C:\\xampp2\\htdoc...', 253)
#1 C:\xampp2\htdocs\cafe-PUM\system\Validation\FormatRules.php(253): strtolower(NULL)
#2 C:\xampp2\htdocs\cafe-PUM\system\HTTP\RequestTrait.php(151): CodeIgniter\Validation\FormatRules->valid_ip('::1')
#3 C:\xampp2\htdocs\cafe-PUM\system\Config\Services.php(570): CodeIgniter\HTTP\Request->getIPAddress()
#4 C:\xampp2\htdocs\cafe-PUM\system\Config\BaseService.php(248): CodeIgniter\Config\Services::session(Object(Config\App), false)
#5 C:\xampp2\htdocs\cafe-PUM\system\Config\BaseService.php(189): CodeIgniter\Config\BaseService::__callStatic('session', Array)
#6 C:\xampp2\htdocs\cafe-PUM\system\Config\Services.php(563): CodeIgniter\Config\BaseService::getSharedInstance('session', NULL)
#7 C:\xampp2\htdocs\cafe-PUM\system\Config\BaseService.php(248): CodeIgniter\Config\Services::session()
#8 C:\xampp2\htdocs\cafe-PUM\system\Common.php(909): CodeIgniter\Config\BaseService::__callStatic('session', Array)
#9 C:\xampp2\htdocs\cafe-PUM\app\Controllers\Dashboard.php(21): session()
#10 C:\xampp2\htdocs\cafe-PUM\system\CodeIgniter.php(824): App\Controllers\Dashboard->index()
#11 C:\xampp2\htdocs\cafe-PUM\system\CodeIgniter.php(410): CodeIgniter\CodeIgniter->runController(Object(App\Controllers\Dashboard))
#12 C:\xampp2\htdocs\cafe-PUM\system\CodeIgniter.php(318): CodeIgniter\CodeIgniter->handleRequest(NULL, Object(Config\Cache), false)
#13 C:\xampp2\htdocs\cafe-PUM\public\index.php(37): CodeIgniter\CodeIgniter->run()
#14 C:\xampp2\htdocs\cafe-PUM\system\Commands\Server\rewrite.php(43): require_once('C:\\xampp2\\htdoc...')
#15 {main}
CRITICAL - 2024-10-28 20:11:58 --> strtolower(): Passing null to parameter #1 ($string) of type string is deprecated
#0 [internal function]: CodeIgniter\Debug\Exceptions->errorHandler(8192, 'strtolower(): P...', 'C:\\xampp2\\htdoc...', 253)
#1 C:\xampp2\htdocs\cafe-PUM\system\Validation\FormatRules.php(253): strtolower(NULL)
#2 C:\xampp2\htdocs\cafe-PUM\system\HTTP\RequestTrait.php(151): CodeIgniter\Validation\FormatRules->valid_ip('::1')
#3 C:\xampp2\htdocs\cafe-PUM\system\Config\Services.php(570): CodeIgniter\HTTP\Request->getIPAddress()
#4 C:\xampp2\htdocs\cafe-PUM\system\Config\BaseService.php(248): CodeIgniter\Config\Services::session(Object(Config\App), false)
#5 C:\xampp2\htdocs\cafe-PUM\system\Config\BaseService.php(189): CodeIgniter\Config\BaseService::__callStatic('session', Array)
#6 C:\xampp2\htdocs\cafe-PUM\system\Config\Services.php(563): CodeIgniter\Config\BaseService::getSharedInstance('session', NULL)
#7 C:\xampp2\htdocs\cafe-PUM\system\Config\BaseService.php(248): CodeIgniter\Config\Services::session()
#8 C:\xampp2\htdocs\cafe-PUM\system\Common.php(909): CodeIgniter\Config\BaseService::__callStatic('session', Array)
#9 C:\xampp2\htdocs\cafe-PUM\app\Controllers\Dashboard.php(21): session()
#10 C:\xampp2\htdocs\cafe-PUM\system\CodeIgniter.php(824): App\Controllers\Dashboard->index()
#11 C:\xampp2\htdocs\cafe-PUM\system\CodeIgniter.php(410): CodeIgniter\CodeIgniter->runController(Object(App\Controllers\Dashboard))
#12 C:\xampp2\htdocs\cafe-PUM\system\CodeIgniter.php(318): CodeIgniter\CodeIgniter->handleRequest(NULL, Object(Config\Cache), false)
#13 C:\xampp2\htdocs\cafe-PUM\public\index.php(37): CodeIgniter\CodeIgniter->run()
#14 C:\xampp2\htdocs\cafe-PUM\system\Commands\Server\rewrite.php(43): require_once('C:\\xampp2\\htdoc...')
#15 {main}
CRITICAL - 2024-10-28 20:23:28 --> strtolower(): Passing null to parameter #1 ($string) of type string is deprecated
#0 [internal function]: CodeIgniter\Debug\Exceptions->errorHandler(8192, 'strtolower(): P...', 'C:\\xampp\\htdocs...', 253)
#1 C:\xampp\htdocs\cafe-PUM\system\Validation\FormatRules.php(253): strtolower(NULL)
#2 C:\xampp\htdocs\cafe-PUM\system\HTTP\RequestTrait.php(151): CodeIgniter\Validation\FormatRules->valid_ip('::1')
#3 C:\xampp\htdocs\cafe-PUM\system\Config\Services.php(570): CodeIgniter\HTTP\Request->getIPAddress()
#4 C:\xampp\htdocs\cafe-PUM\system\Config\BaseService.php(248): CodeIgniter\Config\Services::session(Object(Config\App), false)
#5 C:\xampp\htdocs\cafe-PUM\system\Config\BaseService.php(189): CodeIgniter\Config\BaseService::__callStatic('session', Array)
#6 C:\xampp\htdocs\cafe-PUM\system\Config\Services.php(563): CodeIgniter\Config\BaseService::getSharedInstance('session', NULL)
#7 C:\xampp\htdocs\cafe-PUM\system\Config\BaseService.php(248): CodeIgniter\Config\Services::session()
#8 C:\xampp\htdocs\cafe-PUM\system\Common.php(909): CodeIgniter\Config\BaseService::__callStatic('session', Array)
#9 C:\xampp\htdocs\cafe-PUM\app\Controllers\Dashboard.php(21): session()
#10 C:\xampp\htdocs\cafe-PUM\system\CodeIgniter.php(824): App\Controllers\Dashboard->index()
#11 C:\xampp\htdocs\cafe-PUM\system\CodeIgniter.php(410): CodeIgniter\CodeIgniter->runController(Object(App\Controllers\Dashboard))
#12 C:\xampp\htdocs\cafe-PUM\system\CodeIgniter.php(318): CodeIgniter\CodeIgniter->handleRequest(NULL, Object(Config\Cache), false)
#13 C:\xampp\htdocs\cafe-PUM\public\index.php(37): CodeIgniter\CodeIgniter->run()
#14 C:\xampp\htdocs\cafe-PUM\system\Commands\Server\rewrite.php(43): require_once('C:\\xampp\\htdocs...')
#15 {main}
CRITICAL - 2024-10-28 20:23:37 --> strtolower(): Passing null to parameter #1 ($string) of type string is deprecated
#0 [internal function]: CodeIgniter\Debug\Exceptions->errorHandler(8192, 'strtolower(): P...', 'C:\\xampp\\htdocs...', 253)
#1 C:\xampp\htdocs\cafe-PUM\system\Validation\FormatRules.php(253): strtolower(NULL)
#2 C:\xampp\htdocs\cafe-PUM\system\HTTP\RequestTrait.php(151): CodeIgniter\Validation\FormatRules->valid_ip('::1')
#3 C:\xampp\htdocs\cafe-PUM\system\Config\Services.php(570): CodeIgniter\HTTP\Request->getIPAddress()
#4 C:\xampp\htdocs\cafe-PUM\system\Config\BaseService.php(248): CodeIgniter\Config\Services::session(Object(Config\App), false)
#5 C:\xampp\htdocs\cafe-PUM\system\Config\BaseService.php(189): CodeIgniter\Config\BaseService::__callStatic('session', Array)
#6 C:\xampp\htdocs\cafe-PUM\system\Config\Services.php(563): CodeIgniter\Config\BaseService::getSharedInstance('session', NULL)
#7 C:\xampp\htdocs\cafe-PUM\system\Config\BaseService.php(248): CodeIgniter\Config\Services::session()
#8 C:\xampp\htdocs\cafe-PUM\system\Common.php(909): CodeIgniter\Config\BaseService::__callStatic('session', Array)
#9 C:\xampp\htdocs\cafe-PUM\app\Controllers\Dashboard.php(21): session()
#10 C:\xampp\htdocs\cafe-PUM\system\CodeIgniter.php(824): App\Controllers\Dashboard->index()
#11 C:\xampp\htdocs\cafe-PUM\system\CodeIgniter.php(410): CodeIgniter\CodeIgniter->runController(Object(App\Controllers\Dashboard))
#12 C:\xampp\htdocs\cafe-PUM\system\CodeIgniter.php(318): CodeIgniter\CodeIgniter->handleRequest(NULL, Object(Config\Cache), false)
#13 C:\xampp\htdocs\cafe-PUM\index.php(37): CodeIgniter\CodeIgniter->run()
#14 {main}
CRITICAL - 2024-10-28 20:34:46 --> filter_var(): Passing null to parameter #3 ($options) of type array|int is deprecated
#0 [internal function]: CodeIgniter\Debug\Exceptions->errorHandler(8192, 'filter_var(): P...', 'C:\\xampp\\htdocs...', 239)
#1 C:\xampp\htdocs\cafe-PUM\system\Validation\FormatRules.php(239): filter_var('::1', 275, NULL)
#2 C:\xampp\htdocs\cafe-PUM\system\HTTP\RequestTrait.php(151): CodeIgniter\Validation\FormatRules->valid_ip('::1')
#3 C:\xampp\htdocs\cafe-PUM\system\Config\Services.php(570): CodeIgniter\HTTP\Request->getIPAddress()
#4 C:\xampp\htdocs\cafe-PUM\system\Config\BaseService.php(248): CodeIgniter\Config\Services::session(Object(Config\App), false)
#5 C:\xampp\htdocs\cafe-PUM\system\Config\BaseService.php(189): CodeIgniter\Config\BaseService::__callStatic('session', Array)
#6 C:\xampp\htdocs\cafe-PUM\system\Config\Services.php(563): CodeIgniter\Config\BaseService::getSharedInstance('session', NULL)
#7 C:\xampp\htdocs\cafe-PUM\system\Config\BaseService.php(248): CodeIgniter\Config\Services::session()
#8 C:\xampp\htdocs\cafe-PUM\system\Common.php(909): CodeIgniter\Config\BaseService::__callStatic('session', Array)
#9 C:\xampp\htdocs\cafe-PUM\app\Controllers\Dashboard.php(21): session()
#10 C:\xampp\htdocs\cafe-PUM\system\CodeIgniter.php(824): App\Controllers\Dashboard->index()
#11 C:\xampp\htdocs\cafe-PUM\system\CodeIgniter.php(410): CodeIgniter\CodeIgniter->runController(Object(App\Controllers\Dashboard))
#12 C:\xampp\htdocs\cafe-PUM\system\CodeIgniter.php(318): CodeIgniter\CodeIgniter->handleRequest(NULL, Object(Config\Cache), false)
#13 C:\xampp\htdocs\cafe-PUM\index.php(37): CodeIgniter\CodeIgniter->run()
#14 {main}
CRITICAL - 2024-10-28 20:36:38 --> number_format(): Passing null to parameter #1 ($num) of type float is deprecated
#0 [internal function]: CodeIgniter\Debug\Exceptions->errorHandler(8192, 'number_format()...', 'C:\\xampp\\htdocs...', 934)
#1 C:\xampp\htdocs\cafe-PUM\system\Database\BaseConnection.php(934): number_format(NULL, 6)
#2 C:\xampp\htdocs\cafe-PUM\system\Debug\Toolbar\Collectors\Database.php(111): CodeIgniter\Database\BaseConnection->getConnectDuration()
#3 C:\xampp\htdocs\cafe-PUM\system\Debug\Toolbar\Collectors\BaseCollector.php(115): CodeIgniter\Debug\Toolbar\Collectors\Database->formatTimelineData()
#4 C:\xampp\htdocs\cafe-PUM\system\Debug\Toolbar\Collectors\BaseCollector.php(231): CodeIgniter\Debug\Toolbar\Collectors\BaseCollector->timelineData()
#5 C:\xampp\htdocs\cafe-PUM\system\Debug\Toolbar.php(90): CodeIgniter\Debug\Toolbar\Collectors\BaseCollector->getAsArray()
#6 C:\xampp\htdocs\cafe-PUM\system\Debug\Toolbar.php(364): CodeIgniter\Debug\Toolbar->run(1730165798.2551, 0.139, Object(CodeIgniter\HTTP\IncomingRequest), Object(CodeIgniter\HTTP\Response))
#7 C:\xampp\htdocs\cafe-PUM\system\Filters\DebugToolbar.php(40): CodeIgniter\Debug\Toolbar->prepare(Object(CodeIgniter\HTTP\IncomingRequest), Object(CodeIgniter\HTTP\Response))
#8 C:\xampp\htdocs\cafe-PUM\system\Filters\Filters.php(196): CodeIgniter\Filters\DebugToolbar->after(Object(CodeIgniter\HTTP\IncomingRequest), Object(CodeIgniter\HTTP\Response), NULL)
#9 C:\xampp\htdocs\cafe-PUM\system\CodeIgniter.php(427): CodeIgniter\Filters\Filters->run('antrian', 'after')
#10 C:\xampp\htdocs\cafe-PUM\system\CodeIgniter.php(318): CodeIgniter\CodeIgniter->handleRequest(NULL, Object(Config\Cache), false)
#11 C:\xampp\htdocs\cafe-PUM\index.php(37): CodeIgniter\CodeIgniter->run()
#12 {main}
CRITICAL - 2024-10-28 21:48:22 --> Undefined variable $snapToken
#0 C:\xampp\htdocs\cafe-PUM\app\Views\payment\pay.php(12): CodeIgniter\Debug\Exceptions->errorHandler(2, 'Undefined varia...', 'C:\\xampp\\htdocs...', 12)
#1 C:\xampp\htdocs\cafe-PUM\system\View\View.php(214): include('C:\\xampp\\htdocs...')
#2 C:\xampp\htdocs\cafe-PUM\system\View\View.php(217): CodeIgniter\View\View->CodeIgniter\View\{closure}()
#3 C:\xampp\htdocs\cafe-PUM\system\Common.php(1097): CodeIgniter\View\View->render('payment/pay', Array, true)
#4 C:\xampp\htdocs\cafe-PUM\app\Controllers\Payment.php(29): view('payment/pay', Array)
#5 C:\xampp\htdocs\cafe-PUM\system\CodeIgniter.php(824): App\Controllers\Payment->index()
#6 C:\xampp\htdocs\cafe-PUM\system\CodeIgniter.php(410): CodeIgniter\CodeIgniter->runController(Object(App\Controllers\Payment))
#7 C:\xampp\htdocs\cafe-PUM\system\CodeIgniter.php(318): CodeIgniter\CodeIgniter->handleRequest(NULL, Object(Config\Cache), false)
#8 C:\xampp\htdocs\cafe-PUM\index.php(37): CodeIgniter\CodeIgniter->run()
#9 {main}
